[19-Apr-2025 01:18:20 UTC] PHP Fatal error:  Uncaught mysqli_sql_exception: Table 'farmapp.accounts' doesn't exist in C:\wamp64\www\farmapp\ajaxscripts\tables\trialbalance.php:44
Stack trace:
#0 C:\wamp64\www\farmapp\ajaxscripts\tables\trialbalance.php(44): mysqli->query('\r\n    SELECT \r\n...')
#1 {main}
  thrown in C:\wamp64\www\farmapp\ajaxscripts\tables\trialbalance.php on line 44
[19-Apr-2025 01:19:30 UTC] PHP Fatal error:  Uncaught mysqli_sql_exception: Unknown column 'a.accountName' in 'field list' in C:\wamp64\www\farmapp\ajaxscripts\tables\trialbalance.php:44
Stack trace:
#0 C:\wamp64\www\farmapp\ajaxscripts\tables\trialbalance.php(44): mysqli->query('\r\n    SELECT \r\n...')
#1 {main}
  thrown in C:\wamp64\www\farmapp\ajaxscripts\tables\trialbalance.php on line 44
[19-Apr-2025 01:24:56 UTC] Trial Balance Data: [{"transactionCategory":"1","transactionType":"Income","debit":0,"credit":560},{"transactionCategory":"10","transactionType":"Income","debit":0,"credit":1000},{"transactionCategory":"2","transactionType":"Income","debit":0,"credit":44434},{"transactionCategory":"3","transactionType":"Income","debit":0,"credit":2487},{"transactionCategory":"5","transactionType":"Expenditure","debit":1850,"credit":0},{"transactionCategory":"7","transactionType":"Expenditure","debit":1850,"credit":0}]
[19-Apr-2025 01:28:17 UTC] Trial Balance Data: [{"transactionCategory":"Cash","accountType":"Asset","debit":48481,"credit":3700},{"transactionCategory":"5","accountType":"Expense","debit":1850,"credit":0},{"transactionCategory":"7","accountType":"Expense","debit":1850,"credit":0},{"transactionCategory":"3","accountType":"Revenue","debit":0,"credit":2487},{"transactionCategory":"10","accountType":"Revenue","debit":0,"credit":1000},{"transactionCategory":"2","accountType":"Revenue","debit":0,"credit":44434},{"transactionCategory":"1","accountType":"Revenue","debit":0,"credit":560}]
[19-Apr-2025 01:29:12 UTC] Trial Balance Data: [{"transactionCategory":"Cash","accountType":"Asset","debit":48481,"credit":3700},{"transactionCategory":"5","accountType":"Expense","debit":1850,"credit":0},{"transactionCategory":"7","accountType":"Expense","debit":1850,"credit":0},{"transactionCategory":"3","accountType":"Revenue","debit":0,"credit":2487},{"transactionCategory":"10","accountType":"Revenue","debit":0,"credit":1000},{"transactionCategory":"2","accountType":"Revenue","debit":0,"credit":44434},{"transactionCategory":"1","accountType":"Revenue","debit":0,"credit":560}]
[19-Apr-2025 01:29:17 UTC] Trial Balance Data: [{"transactionCategory":"Cash","accountType":"Asset","debit":1792,"credit":0},{"transactionCategory":"3","accountType":"Revenue","debit":0,"credit":1232},{"transactionCategory":"1","accountType":"Revenue","debit":0,"credit":560}]
[19-Apr-2025 01:35:54 UTC] Trial Balance Data: [{"transactionCategory":"Cash","accountType":"Asset","debit":1792,"credit":0},{"transactionCategory":"3","accountType":"Revenue","debit":0,"credit":1232},{"transactionCategory":"1","accountType":"Revenue","debit":0,"credit":560}]
[19-Apr-2025 01:48:43 UTC] Trial Balance Data: [{"transactionCategory":"Cash","accountType":"Asset","debit":48481,"credit":3700},{"transactionCategory":"Category2","accountType":"Expense","debit":1850,"credit":0},{"transactionCategory":"Category1","accountType":"Expense","debit":1850,"credit":0},{"transactionCategory":"In Cat 2","accountType":"Revenue","debit":0,"credit":2487},{"transactionCategory":"Category1","accountType":"Revenue","debit":0,"credit":1000},{"transactionCategory":"In Category 1","accountType":"Revenue","debit":0,"credit":44434},{"transactionCategory":"Inc Category 1","accountType":"Revenue","debit":0,"credit":560}]
[19-Apr-2025 01:49:11 UTC] Trial Balance Data: []
[19-Apr-2025 01:49:17 UTC] Trial Balance Data: [{"transactionCategory":"Cash","accountType":"Asset","debit":1232,"credit":0},{"transactionCategory":"In Cat 2","accountType":"Revenue","debit":0,"credit":1232}]
[19-Apr-2025 01:50:32 UTC] Trial Balance Data: [{"transactionCategory":"Cash","accountType":"Asset","debit":48481,"credit":3700},{"transactionCategory":"Category2","accountType":"Expense","debit":1850,"credit":0},{"transactionCategory":"Category1","accountType":"Expense","debit":1850,"credit":0},{"transactionCategory":"In Cat 2","accountType":"Revenue","debit":0,"credit":2487},{"transactionCategory":"Category1","accountType":"Revenue","debit":0,"credit":1000},{"transactionCategory":"In Category 1","accountType":"Revenue","debit":0,"credit":44434},{"transactionCategory":"Inc Category 1","accountType":"Revenue","debit":0,"credit":560}]
[19-Apr-2025 01:59:16 UTC] Trial Balance Data: [{"transactionCategory":"Cash","accountType":"Asset","debit":48481,"credit":3700},{"transactionCategory":"Category2","accountType":"Expense","debit":1850,"credit":0},{"transactionCategory":"Category1","accountType":"Expense","debit":1850,"credit":0},{"transactionCategory":"In Cat 2","accountType":"Revenue","debit":0,"credit":2487},{"transactionCategory":"Category1","accountType":"Revenue","debit":0,"credit":1000},{"transactionCategory":"In Category 1","accountType":"Revenue","debit":0,"credit":44434},{"transactionCategory":"Inc Category 1","accountType":"Revenue","debit":0,"credit":560}]
[19-Apr-2025 02:46:23 UTC] Trial Balance Data: [{"transactionCategory":"Cash","accountType":"Asset","debit":48481,"credit":3700},{"transactionCategory":"Category2","accountType":"Expense","debit":1850,"credit":0},{"transactionCategory":"Category1","accountType":"Expense","debit":1850,"credit":0},{"transactionCategory":"In Cat 2","accountType":"Revenue","debit":0,"credit":2487},{"transactionCategory":"Category1","accountType":"Revenue","debit":0,"credit":1000},{"transactionCategory":"In Category 1","accountType":"Revenue","debit":0,"credit":44434},{"transactionCategory":"Inc Category 1","accountType":"Revenue","debit":0,"credit":560}]
